2023-04-30 19:57:48,917 : INFO : <module> : Clicking on an elementhotels_ID
2023-04-30 20:11:00,371 : INFO : <module> : Clicking on an elementhotels_ID
2023-04-30 20:11:02,597 : INFO : <module> : Clicking on an elementsearch_box_ID
2023-04-30 20:11:19,303 : INFO : <module> : Clicking on an elementhotels_ID
2023-04-30 20:11:20,764 : INFO : <module> : Clicking on an elementsearch_box_ID
2023-04-30 20:12:42,764 : INFO : <module> : Clicking on an elementhotels_ID
2023-04-30 20:12:44,621 : INFO : <module> : Clicking on an elementsearch_box_ID
2023-04-30 20:12:46,686 : INFO : <module> : Typing in an elementsearch_text_IDEntered the Value as: Pune
2023-04-30 20:12:48,951 : INFO : <module> : Clicking on an elementselect_destination_ID
2023-04-30 20:12:52,378 : INFO : <module> : Clicking on an elementhome_search_button_XPATH
2023-04-30 20:12:52,486 : INFO : <module> : Clicking on an elementpop_up_ID
2023-04-30 20:13:05,534 : INFO : <module> : Clicking on an elementhotels_ID
2023-04-30 20:13:07,499 : INFO : <module> : Clicking on an elementsearch_box_ID
2023-04-30 20:13:09,561 : INFO : <module> : Typing in an elementsearch_text_IDEntered the Value as: Delhi
2023-04-30 20:13:10,873 : INFO : <module> : Clicking on an elementselect_destination_ID
2023-04-30 20:13:14,323 : INFO : <module> : Clicking on an elementhome_search_button_XPATH
2023-04-30 20:13:17,738 : INFO : <module> : Clicking on an elementpop_up_ID
2023-05-03 11:14:26,837 : INFO : <module> : Clicking on an elementhotels_ID
2023-05-03 11:14:29,590 : INFO : <module> : Clicking on an elementsearch_box_ID
2023-05-03 11:14:31,730 : INFO : <module> : Typing in an elementsearch_text_IDEntered the Value as: Pune
2023-05-03 11:14:33,115 : INFO : <module> : Clicking on an elementselect_destination_ID
2023-05-03 11:14:36,818 : INFO : <module> : Clicking on an elementhome_search_button_XPATH
2023-05-03 11:14:36,906 : INFO : <module> : Clicking on an elementpop_up_ID
2023-05-03 11:14:51,821 : INFO : <module> : Clicking on an elementhotels_ID
2023-05-03 11:14:53,649 : INFO : <module> : Clicking on an elementsearch_box_ID
2023-05-03 11:14:55,736 : INFO : <module> : Typing in an elementsearch_text_IDEntered the Value as: Delhi
2023-05-03 11:14:59,019 : INFO : <module> : Clicking on an elementselect_destination_ID
2023-05-03 11:14:59,684 : INFO : <module> : Clicking on an elementhome_search_button_XPATH
2023-05-03 11:15:01,724 : INFO : <module> : Clicking on an elementpop_up_ID
2023-05-03 12:34:08,525 : INFO : <module> : Clicking on an elementhotels_ID
2023-05-03 12:34:10,597 : INFO : <module> : Clicking on an elementsearch_box_ID
2023-05-03 12:34:25,912 : INFO : <module> : Clicking on an elementhotels_ID
2023-05-03 12:34:27,814 : INFO : <module> : Clicking on an elementsearch_box_ID
2023-05-03 12:36:06,533 : INFO : <module> : Clicking on an elementhotels_ID
2023-05-03 12:36:08,680 : INFO : <module> : Clicking on an elementsearch_box_ID
2023-05-03 12:36:10,700 : INFO : <module> : Typing in an elementsearch_text_IDEntered the Value as: ['Pune']
2023-05-03 12:36:13,826 : INFO : <module> : Clicking on an elementselect_destination_ID
2023-05-03 12:36:15,535 : INFO : <module> : Clicking on an elementhome_search_button_XPATH
2023-05-03 12:36:16,818 : INFO : <module> : Clicking on an elementpop_up_ID
2023-05-03 12:36:30,638 : INFO : <module> : Clicking on an elementhotels_ID
2023-05-03 12:36:32,450 : INFO : <module> : Clicking on an elementsearch_box_ID
2023-05-03 12:36:33,929 : INFO : <module> : Typing in an elementsearch_text_IDEntered the Value as: ['Delhi']
2023-05-03 12:36:35,566 : INFO : <module> : Clicking on an elementselect_destination_ID
2023-05-03 12:36:39,492 : INFO : <module> : Clicking on an elementhome_search_button_XPATH
2023-05-03 12:36:40,583 : INFO : <module> : Clicking on an elementpop_up_ID
2023-05-03 13:21:31,379 : INFO : <module> : Clicking on an elementbuses_XPATH
2023-05-03 13:22:21,970 : INFO : <module> : Clicking on an elementbuses_XPATH
2023-05-03 13:22:24,483 : INFO : <module> : Clicking on an elementclick_from_XPATH
2023-05-03 13:22:26,468 : INFO : <module> : Typing in an elemententer_from_city_XPATHEntered the Value as: Pune
2023-05-03 13:22:26,468 : INFO : <module> : Clicking on an elementselect_from_city
2023-05-03 13:22:46,734 : INFO : <module> : Clicking on an elementbuses_XPATH
2023-05-03 13:22:49,179 : INFO : <module> : Clicking on an elementclick_from_XPATH
2023-05-03 13:22:51,209 : INFO : <module> : Typing in an elemententer_from_city_XPATHEntered the Value as: Mumbai
2023-05-03 13:22:51,211 : INFO : <module> : Clicking on an elementselect_from_city
2023-05-03 13:23:22,173 : INFO : <module> : Clicking on an elementbuses_XPATH
2023-05-03 13:23:24,685 : INFO : <module> : Clicking on an elementclick_from_XPATH
2023-05-03 13:23:27,203 : INFO : <module> : Typing in an elemententer_from_city_XPATHEntered the Value as: Pune
2023-05-03 13:23:27,203 : INFO : <module> : Clicking on an elementselect_from_city
2023-05-03 13:23:46,820 : INFO : <module> : Clicking on an elementbuses_XPATH
2023-05-03 13:23:50,283 : INFO : <module> : Clicking on an elementclick_from_XPATH
2023-05-03 13:23:51,761 : INFO : <module> : Typing in an elemententer_from_city_XPATHEntered the Value as: Mumbai
2023-05-03 13:23:51,761 : INFO : <module> : Clicking on an elementselect_from_city
2023-05-03 13:27:16,802 : INFO : <module> : Clicking on an elementbuses_XPATH
2023-05-03 13:27:19,402 : INFO : <module> : Clicking on an elementclick_from_XPATH
2023-05-03 13:27:21,458 : INFO : <module> : Typing in an elemententer_from_city_XPATHEntered the Value as: Pune
2023-05-03 13:27:21,458 : INFO : <module> : Clicking on an elementselect_from_city
2023-05-03 13:27:40,462 : INFO : <module> : Clicking on an elementbuses_XPATH
2023-05-03 13:27:43,220 : INFO : <module> : Clicking on an elementclick_from_XPATH
2023-05-03 13:27:45,218 : INFO : <module> : Typing in an elemententer_from_city_XPATHEntered the Value as: Mumbai
2023-05-03 13:27:45,218 : INFO : <module> : Clicking on an elementselect_from_city
2023-05-03 13:30:15,120 : INFO : <module> : Clicking on an elementbuses_XPATH
2023-05-03 13:30:17,628 : INFO : <module> : Clicking on an elementclick_from_XPATH
2023-05-03 13:30:19,538 : INFO : <module> : Typing in an elemententer_from_city_XPATHEntered the Value as: Pune
2023-05-03 13:30:19,538 : INFO : <module> : Clicking on an elementselect_from_city
2023-05-03 13:30:39,168 : INFO : <module> : Clicking on an elementbuses_XPATH
2023-05-03 13:30:41,842 : INFO : <module> : Clicking on an elementclick_from_XPATH
2023-05-03 13:30:43,217 : INFO : <module> : Typing in an elemententer_from_city_XPATHEntered the Value as: Mumbai
2023-05-03 13:30:43,217 : INFO : <module> : Clicking on an elementselect_from_city
2023-05-03 13:32:40,843 : INFO : <module> : Clicking on an elementbuses_XPATH
2023-05-03 13:32:43,865 : INFO : <module> : Clicking on an elementclick_from_XPATH
2023-05-03 13:32:46,833 : INFO : <module> : Typing in an elemententer_from_city_XPATHEntered the Value as: Pune
2023-05-03 13:32:46,833 : INFO : <module> : Clicking on an elementselect_from_city
2023-05-03 13:33:05,687 : INFO : <module> : Clicking on an elementbuses_XPATH
2023-05-03 13:33:07,988 : INFO : <module> : Clicking on an elementclick_from_XPATH
2023-05-03 13:33:09,930 : INFO : <module> : Typing in an elemententer_from_city_XPATHEntered the Value as: Mumbai
2023-05-03 13:33:09,930 : INFO : <module> : Clicking on an elementselect_from_city
2023-05-03 13:36:59,531 : INFO : <module> : Clicking on an elementbuses_XPATH
2023-05-03 13:37:01,889 : INFO : <module> : Clicking on an elementclick_from_XPATH
2023-05-03 13:37:04,286 : INFO : <module> : Typing in an elemententer_from_city_XPATHEntered the Value as: Pune
2023-05-03 13:37:04,286 : INFO : <module> : Clicking on an elementselect_from_city
2023-05-03 13:37:23,021 : INFO : <module> : Clicking on an elementbuses_XPATH
2023-05-03 13:37:25,607 : INFO : <module> : Clicking on an elementclick_from_XPATH
2023-05-03 13:37:27,051 : INFO : <module> : Typing in an elemententer_from_city_XPATHEntered the Value as: Mumbai
2023-05-03 13:37:27,051 : INFO : <module> : Clicking on an elementselect_from_city
2023-05-03 13:39:20,941 : INFO : <module> : Clicking on an elementbuses_XPATH
2023-05-03 13:39:23,545 : INFO : <module> : Clicking on an elementclick_from_XPATH
2023-05-03 13:39:24,972 : INFO : <module> : Typing in an elemententer_from_city_XPATHEntered the Value as: Pune
2023-05-03 13:39:24,972 : INFO : <module> : Clicking on an elementselect_from_city
2023-05-03 13:39:45,717 : INFO : <module> : Clicking on an elementbuses_XPATH
2023-05-03 13:39:47,773 : INFO : <module> : Clicking on an elementclick_from_XPATH
2023-05-03 13:39:49,120 : INFO : <module> : Typing in an elemententer_from_city_XPATHEntered the Value as: Mumbai
2023-05-03 13:39:49,120 : INFO : <module> : Clicking on an elementselect_from_city
2023-05-03 13:41:30,335 : INFO : <module> : Clicking on an elementbuses_XPATH
2023-05-03 13:41:33,634 : INFO : <module> : Clicking on an elementclick_from_XPATH
2023-05-03 13:41:35,093 : INFO : <module> : Typing in an elemententer_from_city_XPATHEntered the Value as: Pune
2023-05-03 13:41:35,094 : INFO : <module> : Clicking on an elementselect_from_city
2023-05-03 13:41:54,113 : INFO : <module> : Clicking on an elementbuses_XPATH
2023-05-03 13:41:57,731 : INFO : <module> : Clicking on an elementclick_from_XPATH
2023-05-03 13:41:59,083 : INFO : <module> : Typing in an elemententer_from_city_XPATHEntered the Value as: Mumbai
2023-05-03 13:41:59,083 : INFO : <module> : Clicking on an elementselect_from_city
2023-05-03 13:43:42,217 : INFO : <module> : Clicking on an elementbuses_XPATH
2023-05-03 13:43:45,531 : INFO : <module> : Clicking on an elementclick_from_XPATH
2023-05-03 13:43:47,601 : INFO : <module> : Typing in an elemententer_from_city_XPATHEntered the Value as: Pune
2023-05-03 13:43:47,602 : INFO : <module> : Clicking on an elementselect_from_city
2023-05-03 13:44:06,272 : INFO : <module> : Clicking on an elementbuses_XPATH
2023-05-03 13:44:08,717 : INFO : <module> : Clicking on an elementclick_from_XPATH
2023-05-03 13:44:10,958 : INFO : <module> : Typing in an elemententer_from_city_XPATHEntered the Value as: Mumbai
2023-05-03 13:44:10,958 : INFO : <module> : Clicking on an elementselect_from_city
2023-05-03 15:31:39,777 : INFO : <module> : Clicking on an elementbuses_XPATH
2023-05-03 15:31:42,322 : INFO : <module> : Clicking on an elementclick_from_XPATH
2023-05-03 15:31:44,703 : INFO : <module> : Typing in an elemententer_from_city_XPATHEntered the Value as: Pune
2023-05-03 15:31:46,437 : INFO : <module> : Clicking on an elementselect_from_city_XPATH
2023-05-03 15:31:47,997 : INFO : <module> : Clicking on an elementdestination_XPATH
2023-05-03 15:31:49,994 : INFO : <module> : Typing in an elemententer_to_city_XPATHEntered the Value as: Mumbai
2023-05-03 15:31:52,009 : INFO : <module> : Clicking on an elementselect_to_city_XPATH
2023-05-03 15:31:53,477 : INFO : <module> : Clicking on an elementselect_date_XPATH
2023-05-03 15:31:54,225 : INFO : <module> : Clicking on an elementsearch_button_XPATH
2023-05-03 15:32:00,410 : INFO : <module> : Clicking on an elementprimo_bus_XPATH
2023-05-03 15:32:23,022 : INFO : <module> : Clicking on an elementbuses_XPATH
2023-05-03 15:32:25,444 : INFO : <module> : Clicking on an elementclick_from_XPATH
2023-05-03 15:32:27,013 : INFO : <module> : Typing in an elemententer_from_city_XPATHEntered the Value as: Mumbai
2023-05-03 15:32:28,344 : INFO : <module> : Clicking on an elementselect_from_city_XPATH
2023-05-03 15:32:29,992 : INFO : <module> : Clicking on an elementdestination_XPATH
2023-05-03 15:32:32,574 : INFO : <module> : Typing in an elemententer_to_city_XPATHEntered the Value as: Ahemdabad
2023-05-03 15:32:34,362 : INFO : <module> : Clicking on an elementselect_to_city_XPATH
2023-05-03 15:32:36,075 : INFO : <module> : Clicking on an elementselect_date_XPATH
2023-05-03 15:32:36,806 : INFO : <module> : Clicking on an elementsearch_button_XPATH
2023-05-03 15:32:41,064 : INFO : <module> : Clicking on an elementprimo_bus_XPATH
2023-05-03 17:40:23,229 : INFO : <module> : Clicking on an elementbuses_XPATH
2023-05-03 17:40:26,188 : INFO : <module> : Clicking on an elementclick_from_XPATH
2023-05-03 17:40:30,267 : INFO : <module> : Typing in an elemententer_from_city_XPATHEntered the Value as: Pune
2023-05-03 17:40:31,860 : INFO : <module> : Clicking on an elementselect_from_city_XPATH
2023-05-03 17:40:33,885 : INFO : <module> : Clicking on an elementdestination_XPATH
2023-05-03 17:40:36,299 : INFO : <module> : Typing in an elemententer_to_city_XPATHEntered the Value as: Mumbai
2023-05-03 17:40:37,777 : INFO : <module> : Clicking on an elementselect_to_city_XPATH
2023-05-03 17:40:39,767 : INFO : <module> : Clicking on an elementselect_date_XPATH
2023-05-03 17:40:47,331 : INFO : <module> : Clicking on an elementsearch_button_XPATH
2023-05-03 17:40:48,210 : INFO : <module> : Clicking on an elementprimo_bus_XPATH
2023-05-03 17:41:07,485 : INFO : <module> : Clicking on an elementbuses_XPATH
2023-05-03 17:41:10,031 : INFO : <module> : Clicking on an elementclick_from_XPATH
2023-05-03 17:41:11,463 : INFO : <module> : Typing in an elemententer_from_city_XPATHEntered the Value as: Mumbai
2023-05-03 17:41:12,748 : INFO : <module> : Clicking on an elementselect_from_city_XPATH
2023-05-03 17:41:14,347 : INFO : <module> : Clicking on an elementdestination_XPATH
2023-05-03 17:41:16,492 : INFO : <module> : Typing in an elemententer_to_city_XPATHEntered the Value as: Ahemdabad
2023-05-03 17:41:18,231 : INFO : <module> : Clicking on an elementselect_to_city_XPATH
2023-05-03 17:41:19,777 : INFO : <module> : Clicking on an elementselect_date_XPATH
2023-05-03 17:41:20,512 : INFO : <module> : Clicking on an elementsearch_button_XPATH
2023-05-03 17:41:24,572 : INFO : <module> : Clicking on an elementprimo_bus_XPATH
2023-05-03 17:41:37,732 : INFO : <module> : Clicking on an elementhotels_ID
2023-05-03 17:41:39,600 : INFO : <module> : Clicking on an elementsearch_box_ID
2023-05-03 17:41:41,000 : INFO : <module> : Typing in an elementsearch_text_IDEntered the Value as: ['Pune']
2023-05-03 17:41:43,957 : INFO : <module> : Clicking on an elementselect_destination_ID
2023-05-03 17:41:44,571 : INFO : <module> : Clicking on an elementhome_search_button_XPATH
2023-05-03 17:41:46,253 : INFO : <module> : Clicking on an elementpop_up_ID
2023-05-03 17:42:02,008 : INFO : <module> : Clicking on an elementhotels_ID
2023-05-03 17:42:02,260 : INFO : <module> : Clicking on an elementsearch_box_ID
2023-05-03 17:42:04,220 : INFO : <module> : Typing in an elementsearch_text_IDEntered the Value as: ['Delhi']
2023-05-03 17:42:07,368 : INFO : <module> : Clicking on an elementselect_destination_ID
2023-05-03 17:42:08,063 : INFO : <module> : Clicking on an elementhome_search_button_XPATH
2023-05-03 17:42:10,156 : INFO : <module> : Clicking on an elementpop_up_ID
2023-05-03 17:52:25,431 : INFO : <module> : Clicking on an elementbuses_XPATH
2023-05-03 17:52:28,387 : INFO : <module> : Clicking on an elementclick_from_XPATH
2023-05-03 17:52:31,621 : INFO : <module> : Typing in an elemententer_from_city_XPATHEntered the Value as: Pune
2023-05-03 17:52:33,555 : INFO : <module> : Clicking on an elementselect_from_city_XPATH
2023-05-03 17:52:37,619 : INFO : <module> : Clicking on an elementdestination_XPATH
2023-05-03 17:52:39,663 : INFO : <module> : Typing in an elemententer_to_city_XPATHEntered the Value as: Mumbai
2023-05-03 17:52:41,324 : INFO : <module> : Clicking on an elementselect_to_city_XPATH
2023-05-03 17:52:43,205 : INFO : <module> : Clicking on an elementselect_date_XPATH
2023-05-03 17:52:43,928 : INFO : <module> : Clicking on an elementsearch_button_XPATH
2023-05-03 17:52:45,832 : INFO : <module> : Clicking on an elementprimo_bus_XPATH
2023-05-03 17:53:04,501 : INFO : <module> : Clicking on an elementbuses_XPATH
2023-05-03 17:53:07,239 : INFO : <module> : Clicking on an elementclick_from_XPATH
2023-05-03 17:53:08,741 : INFO : <module> : Typing in an elemententer_from_city_XPATHEntered the Value as: Mumbai
2023-05-03 17:53:09,953 : INFO : <module> : Clicking on an elementselect_from_city_XPATH
2023-05-03 17:53:11,629 : INFO : <module> : Clicking on an elementdestination_XPATH
2023-05-03 17:53:13,670 : INFO : <module> : Typing in an elemententer_to_city_XPATHEntered the Value as: Ahemdabad
2023-05-03 17:53:15,855 : INFO : <module> : Clicking on an elementselect_to_city_XPATH
2023-05-03 17:53:17,757 : INFO : <module> : Clicking on an elementselect_date_XPATH
2023-05-03 17:53:18,480 : INFO : <module> : Clicking on an elementsearch_button_XPATH
2023-05-03 17:53:20,280 : INFO : <module> : Clicking on an elementprimo_bus_XPATH
2023-05-03 17:53:34,278 : INFO : <module> : Clicking on an elementhotels_ID
2023-05-03 17:53:36,191 : INFO : <module> : Clicking on an elementsearch_box_ID
2023-05-03 17:53:37,544 : INFO : <module> : Typing in an elementsearch_text_IDEntered the Value as: ['Pune']
2023-05-03 17:53:41,027 : INFO : <module> : Clicking on an elementselect_destination_ID
2023-05-03 17:53:41,571 : INFO : <module> : Clicking on an elementhome_search_button_XPATH
2023-05-03 17:53:43,355 : INFO : <module> : Clicking on an elementpop_up_ID
2023-05-03 17:53:56,268 : INFO : <module> : Clicking on an elementhotels_ID
2023-05-03 17:53:58,095 : INFO : <module> : Clicking on an elementsearch_box_ID
2023-05-03 17:54:00,099 : INFO : <module> : Typing in an elementsearch_text_IDEntered the Value as: ['Delhi']
2023-05-03 17:54:03,413 : INFO : <module> : Clicking on an elementselect_destination_ID
2023-05-03 17:54:05,057 : INFO : <module> : Clicking on an elementhome_search_button_XPATH
2023-05-03 17:54:06,410 : INFO : <module> : Clicking on an elementpop_up_ID
2023-05-03 18:02:11,801 : INFO : <module> : Clicking on an elementbuses_XPATH
2023-05-03 18:02:14,036 : INFO : <module> : Clicking on an elementclick_from_XPATH
2023-05-03 18:02:16,585 : INFO : <module> : Typing in an elemententer_from_city_XPATHEntered the Value as: Pune
2023-05-03 18:02:17,996 : INFO : <module> : Clicking on an elementselect_from_city_XPATH
2023-05-03 18:02:19,954 : INFO : <module> : Clicking on an elementdestination_XPATH
2023-05-03 18:02:21,994 : INFO : <module> : Typing in an elemententer_to_city_XPATHEntered the Value as: Mumbai
2023-05-03 18:02:23,333 : INFO : <module> : Clicking on an elementselect_to_city_XPATH
2023-05-03 18:02:25,055 : INFO : <module> : Clicking on an elementselect_date_XPATH
2023-05-03 18:02:25,970 : INFO : <module> : Clicking on an elementsearch_button_XPATH
2023-05-03 18:02:27,534 : INFO : <module> : Clicking on an elementprimo_bus_XPATH
2023-05-03 18:02:36,693 : INFO : <module> : Getting text from an elementverify_text_XPATH
2023-05-03 18:02:49,725 : INFO : <module> : Clicking on an elementbuses_XPATH
2023-05-03 18:02:52,696 : INFO : <module> : Clicking on an elementclick_from_XPATH
2023-05-03 18:02:54,049 : INFO : <module> : Typing in an elemententer_from_city_XPATHEntered the Value as: Mumbai
2023-05-03 18:02:55,720 : INFO : <module> : Clicking on an elementselect_from_city_XPATH
2023-05-03 18:02:57,209 : INFO : <module> : Clicking on an elementdestination_XPATH
2023-05-03 18:02:58,987 : INFO : <module> : Typing in an elemententer_to_city_XPATHEntered the Value as: Ahemdabad
2023-05-03 18:03:00,723 : INFO : <module> : Clicking on an elementselect_to_city_XPATH
2023-05-03 18:03:02,906 : INFO : <module> : Clicking on an elementselect_date_XPATH
2023-05-03 18:03:03,133 : INFO : <module> : Clicking on an elementsearch_button_XPATH
2023-05-03 18:03:04,990 : INFO : <module> : Clicking on an elementprimo_bus_XPATH
2023-05-03 18:04:05,177 : INFO : <module> : Clicking on an elementbuses_XPATH
2023-05-03 18:04:07,613 : INFO : <module> : Clicking on an elementclick_from_XPATH
2023-05-03 18:04:09,865 : INFO : <module> : Typing in an elemententer_from_city_XPATHEntered the Value as: Pune
2023-05-03 18:04:11,762 : INFO : <module> : Clicking on an elementselect_from_city_XPATH
2023-05-03 18:04:13,351 : INFO : <module> : Clicking on an elementdestination_XPATH
2023-05-03 18:04:15,226 : INFO : <module> : Typing in an elemententer_to_city_XPATHEntered the Value as: Mumbai
2023-05-03 18:04:30,206 : INFO : <module> : Clicking on an elementbuses_XPATH
2023-05-03 18:04:33,967 : INFO : <module> : Clicking on an elementclick_from_XPATH
2023-05-03 18:04:35,500 : INFO : <module> : Typing in an elemententer_from_city_XPATHEntered the Value as: Mumbai
2023-05-03 18:04:38,907 : INFO : <module> : Clicking on an elementselect_from_city_XPATH
2023-05-03 18:04:39,200 : INFO : <module> : Clicking on an elementdestination_XPATH
2023-05-03 18:04:41,402 : INFO : <module> : Typing in an elemententer_to_city_XPATHEntered the Value as: Ahemdabad
2023-05-03 18:04:42,813 : INFO : <module> : Clicking on an elementselect_to_city_XPATH
2023-05-03 18:04:44,322 : INFO : <module> : Clicking on an elementselect_date_XPATH
2023-05-03 18:04:45,247 : INFO : <module> : Clicking on an elementsearch_button_XPATH
2023-05-03 18:04:47,124 : INFO : <module> : Clicking on an elementprimo_bus_XPATH
2023-05-03 18:06:41,880 : INFO : <module> : Clicking on an elementbuses_XPATH
2023-05-03 18:06:45,218 : INFO : <module> : Clicking on an elementclick_from_XPATH
2023-05-03 18:06:47,212 : INFO : <module> : Typing in an elemententer_from_city_XPATHEntered the Value as: Pune
2023-05-03 18:06:49,813 : INFO : <module> : Clicking on an elementselect_from_city_XPATH
2023-05-03 18:06:50,316 : INFO : <module> : Clicking on an elementdestination_XPATH
2023-05-03 18:06:52,182 : INFO : <module> : Typing in an elemententer_to_city_XPATHEntered the Value as: Mumbai
2023-05-03 18:06:53,552 : INFO : <module> : Clicking on an elementselect_to_city_XPATH
2023-05-03 18:06:55,084 : INFO : <module> : Clicking on an elementselect_date_XPATH
2023-05-03 18:06:55,820 : INFO : <module> : Clicking on an elementsearch_button_XPATH
2023-05-03 18:06:57,822 : INFO : <module> : Clicking on an elementprimo_bus_XPATH
2023-05-03 18:07:09,245 : INFO : <module> : Getting text from an elementverify_text_XPATH
2023-05-03 18:07:22,398 : INFO : <module> : Clicking on an elementbuses_XPATH
2023-05-03 18:07:25,320 : INFO : <module> : Clicking on an elementclick_from_XPATH
2023-05-03 18:07:27,353 : INFO : <module> : Typing in an elemententer_from_city_XPATHEntered the Value as: Mumbai
2023-05-03 18:11:12,658 : INFO : <module> : Clicking on an elementbuses_XPATH
2023-05-03 18:11:15,183 : INFO : <module> : Clicking on an elementclick_from_XPATH
2023-05-03 18:11:16,682 : INFO : <module> : Typing in an elemententer_from_city_XPATHEntered the Value as: Pune
2023-05-03 18:11:18,208 : INFO : <module> : Clicking on an elementselect_from_city_XPATH
2023-05-03 18:11:19,798 : INFO : <module> : Clicking on an elementdestination_XPATH
2023-05-03 18:11:21,852 : INFO : <module> : Typing in an elemententer_to_city_XPATHEntered the Value as: Mumbai
2023-05-03 18:11:37,186 : INFO : <module> : Clicking on an elementbuses_XPATH
2023-05-03 18:11:56,077 : INFO : <module> : Clicking on an elementhotels_ID
2023-05-03 18:11:58,179 : INFO : <module> : Clicking on an elementsearch_box_ID
2023-05-03 18:12:00,262 : INFO : <module> : Typing in an elementsearch_text_IDEntered the Value as: ['Pune']
2023-05-03 18:12:02,037 : INFO : <module> : Clicking on an elementselect_destination_ID
2023-05-03 18:12:04,082 : INFO : <module> : Clicking on an elementhome_search_button_XPATH
2023-05-03 18:12:06,005 : INFO : <module> : Clicking on an elementpop_up_ID
2023-05-03 18:12:19,319 : INFO : <module> : Clicking on an elementhotels_ID
2023-05-03 18:12:21,233 : INFO : <module> : Clicking on an elementsearch_box_ID
2023-05-03 18:12:22,608 : INFO : <module> : Typing in an elementsearch_text_IDEntered the Value as: ['Delhi']
2023-05-03 18:12:24,042 : INFO : <module> : Clicking on an elementselect_destination_ID
2023-05-03 18:12:27,070 : INFO : <module> : Clicking on an elementhome_search_button_XPATH
2023-05-03 18:12:28,179 : INFO : <module> : Clicking on an elementpop_up_ID
2023-05-03 20:21:44,732 : INFO : <module> : Clicking on an elementbuses_XPATH
2023-05-03 20:21:47,625 : INFO : <module> : Clicking on an elementclick_from_XPATH
2023-05-03 20:21:49,051 : INFO : <module> : Typing in an elemententer_from_city_XPATHEntered the Value as: Pune
2023-05-03 20:21:50,691 : INFO : <module> : Clicking on an elementselect_from_city_XPATH
2023-05-03 20:21:52,261 : INFO : <module> : Clicking on an elementdestination_XPATH
2023-05-03 20:21:53,680 : INFO : <module> : Typing in an elemententer_to_city_XPATHEntered the Value as: Mumbai
2023-05-03 20:21:55,920 : INFO : <module> : Clicking on an elementselect_to_city_XPATH
2023-05-03 20:21:57,451 : INFO : <module> : Clicking on an elementselect_date_XPATH
2023-05-03 20:21:58,174 : INFO : <module> : Clicking on an elementsearch_button_XPATH
2023-05-03 20:22:04,558 : INFO : <module> : Clicking on an elementprimo_bus_XPATH
2023-05-03 20:22:10,136 : INFO : <module> : Getting text from an elementverify_text_XPATH
2023-05-03 20:22:23,733 : INFO : <module> : Clicking on an elementbuses_XPATH
2023-05-03 20:22:26,200 : INFO : <module> : Clicking on an elementclick_from_XPATH
2023-05-03 20:22:28,665 : INFO : <module> : Typing in an elemententer_from_city_XPATHEntered the Value as: Mumbai
2023-05-03 20:22:30,059 : INFO : <module> : Clicking on an elementselect_from_city_XPATH
2023-05-03 20:22:33,274 : INFO : <module> : Clicking on an elementdestination_XPATH
2023-05-03 20:22:34,721 : INFO : <module> : Typing in an elemententer_to_city_XPATHEntered the Value as: Ahemdabad
2023-05-03 20:22:36,675 : INFO : <module> : Clicking on an elementselect_to_city_XPATH
2023-05-03 20:22:38,645 : INFO : <module> : Clicking on an elementselect_date_XPATH
2023-05-03 20:22:40,670 : INFO : <module> : Clicking on an elementsearch_button_XPATH
2023-05-03 20:22:44,030 : INFO : <module> : Clicking on an elementprimo_bus_XPATH
2023-05-03 22:35:08,489 : INFO : <module> : Clicking on an elementbuses_XPATH
2023-05-03 22:35:11,046 : INFO : <module> : Clicking on an elementclick_from_XPATH
2023-05-03 22:35:12,647 : INFO : <module> : Typing in an elemententer_from_city_XPATHEntered the Value as: Pune
2023-05-03 22:35:14,604 : INFO : <module> : Clicking on an elementselect_from_city_XPATH
2023-05-03 22:35:16,694 : INFO : <module> : Clicking on an elementdestination_XPATH
2023-05-03 22:35:18,043 : INFO : <module> : Typing in an elemententer_to_city_XPATHEntered the Value as: Mumbai
2023-05-03 22:35:19,418 : INFO : <module> : Clicking on an elementselect_to_city_XPATH
2023-05-03 22:35:21,600 : INFO : <module> : Clicking on an elementselect_date_XPATH
2023-05-03 22:35:22,390 : INFO : <module> : Clicking on an elementsearch_button_XPATH
2023-05-03 22:35:28,248 : INFO : <module> : Clicking on an elementprimo_bus_XPATH
2023-05-03 22:35:34,062 : INFO : <module> : Getting text from an elementverify_text_XPATH
2023-05-03 22:35:50,431 : INFO : <module> : Clicking on an elementbuses_XPATH
2023-05-03 22:35:52,857 : INFO : <module> : Clicking on an elementclick_from_XPATH
2023-05-03 22:35:54,283 : INFO : <module> : Typing in an elemententer_from_city_XPATHEntered the Value as: Mumbai
2023-05-03 22:35:55,592 : INFO : <module> : Clicking on an elementselect_from_city_XPATH
2023-05-03 22:35:57,692 : INFO : <module> : Clicking on an elementdestination_XPATH
2023-05-03 22:35:59,609 : INFO : <module> : Typing in an elemententer_to_city_XPATHEntered the Value as: Ahemdabad
2023-05-03 22:36:01,675 : INFO : <module> : Clicking on an elementselect_to_city_XPATH
2023-05-03 22:36:03,589 : INFO : <module> : Clicking on an elementselect_date_XPATH
2023-05-03 22:36:04,610 : INFO : <module> : Clicking on an elementsearch_button_XPATH
2023-05-03 22:36:07,679 : INFO : <module> : Clicking on an elementprimo_bus_XPATH
2023-05-03 22:36:28,762 : INFO : <module> : Clicking on an elementbuses_XPATH
2023-05-03 22:36:31,377 : INFO : <module> : Clicking on an elementclick_from_XPATH
2023-05-03 22:36:33,796 : INFO : <module> : Typing in an elemententer_from_city_XPATHEntered the Value as: Mumbai
2023-05-03 22:36:35,068 : INFO : <module> : Clicking on an elementselect_from_city_XPATH
2023-05-03 22:36:36,314 : INFO : <module> : Clicking on an elementdestination_XPATH
2023-05-03 22:36:38,746 : INFO : <module> : Typing in an elemententer_to_city_XPATHEntered the Value as: Ahemdabad
2023-05-03 22:36:40,081 : INFO : <module> : Clicking on an elementselect_to_city_XPATH
2023-05-03 22:36:42,217 : INFO : <module> : Clicking on an elementselect_date_XPATH
2023-05-03 22:36:42,942 : INFO : <module> : Clicking on an elementsearch_button_XPATH
2023-05-03 22:36:44,969 : INFO : <module> : Clicking on an elementprimo_bus_XPATH
2023-05-03 22:37:06,543 : INFO : <module> : Clicking on an elementbuses_XPATH
2023-05-03 22:52:29,437 : INFO : <module> : Clicking on an elementbuses_XPATH
2023-05-03 22:52:31,670 : INFO : <module> : Clicking on an elementclick_from_XPATH
2023-05-03 22:52:33,157 : INFO : <module> : Typing in an elemententer_from_city_XPATHEntered the Value as: Pune
2023-05-03 22:52:34,692 : INFO : <module> : Clicking on an elementselect_from_city_XPATH
2023-05-03 22:52:36,078 : INFO : <module> : Clicking on an elementdestination_XPATH
2023-05-03 22:52:37,419 : INFO : <module> : Typing in an elemententer_to_city_XPATHEntered the Value as: Mumbai
2023-05-03 22:52:38,586 : INFO : <module> : Clicking on an elementselect_to_city_XPATH
2023-05-03 22:52:39,918 : INFO : <module> : Clicking on an elementselect_date_XPATH
2023-05-03 22:52:41,020 : INFO : <module> : Clicking on an elementsearch_button_XPATH
2023-05-03 22:52:42,690 : INFO : <module> : Clicking on an elementprimo_bus_XPATH
2023-05-03 22:53:03,703 : INFO : <module> : Clicking on an elementbuses_XPATH
2023-05-03 22:53:06,228 : INFO : <module> : Clicking on an elementclick_from_XPATH
2023-05-03 22:53:08,250 : INFO : <module> : Typing in an elemententer_from_city_XPATHEntered the Value as: Mumbai
2023-05-03 22:53:09,574 : INFO : <module> : Clicking on an elementselect_from_city_XPATH
2023-05-03 22:53:11,500 : INFO : <module> : Clicking on an elementdestination_XPATH
2023-05-03 22:53:13,890 : INFO : <module> : Typing in an elemententer_to_city_XPATHEntered the Value as: Ahemdabad
2023-05-03 22:53:15,336 : INFO : <module> : Clicking on an elementselect_to_city_XPATH
2023-05-03 22:53:17,340 : INFO : <module> : Clicking on an elementselect_date_XPATH
2023-05-03 22:53:18,062 : INFO : <module> : Clicking on an elementsearch_button_XPATH
2023-05-03 22:53:20,322 : INFO : <module> : Clicking on an elementprimo_bus_XPATH
2023-05-04 10:52:03,341 : INFO : <module> : Clicking on an elementbuses_XPATH
2023-05-04 10:52:03,808 : INFO : <module> : Clicking on an elementclick_from_XPATH
2023-05-04 10:52:06,759 : INFO : <module> : Typing in an elemententer_from_city_XPATHEntered the Value as: Pune
2023-05-04 10:52:10,352 : INFO : <module> : Clicking on an elementselect_from_city_XPATH
2023-05-04 10:52:10,661 : INFO : <module> : Clicking on an elementdestination_XPATH
2023-05-04 10:52:12,766 : INFO : <module> : Typing in an elemententer_to_city_XPATHEntered the Value as: Mumbai
2023-05-04 10:52:15,104 : INFO : <module> : Clicking on an elementselect_to_city_XPATH
2023-05-04 10:52:18,167 : INFO : <module> : Clicking on an elementselect_date_XPATH
2023-05-04 10:52:18,606 : INFO : <module> : Clicking on an elementsearch_button_XPATH
2023-05-04 10:52:27,805 : INFO : <module> : Clicking on an elementprimo_bus_XPATH
2023-05-04 10:53:06,548 : INFO : <module> : Clicking on an elementbuses_XPATH
2023-05-04 10:53:08,912 : INFO : <module> : Clicking on an elementclick_from_XPATH
2023-05-04 10:53:12,102 : INFO : <module> : Typing in an elemententer_from_city_XPATHEntered the Value as: Mumbai
2023-05-04 10:53:15,129 : INFO : <module> : Clicking on an elementselect_from_city_XPATH
2023-05-04 10:53:16,117 : INFO : <module> : Clicking on an elementdestination_XPATH
2023-05-04 10:53:17,518 : INFO : <module> : Typing in an elemententer_to_city_XPATHEntered the Value as: Ahemdabad
2023-05-04 10:53:19,407 : INFO : <module> : Clicking on an elementselect_to_city_XPATH
2023-05-04 10:53:21,523 : INFO : <module> : Clicking on an elementselect_date_XPATH
2023-05-04 10:53:22,413 : INFO : <module> : Clicking on an elementsearch_button_XPATH
2023-05-04 10:53:25,148 : INFO : <module> : Clicking on an elementprimo_bus_XPATH
2023-05-04 10:54:12,479 : INFO : <module> : Clicking on an elementbuses_XPATH
2023-05-04 10:54:15,008 : INFO : <module> : Clicking on an elementclick_from_XPATH
2023-05-04 10:54:16,962 : INFO : <module> : Typing in an elemententer_from_city_XPATHEntered the Value as: Pune
2023-05-04 10:54:18,558 : INFO : <module> : Clicking on an elementselect_from_city_XPATH
2023-05-04 10:54:20,125 : INFO : <module> : Clicking on an elementdestination_XPATH
2023-05-04 10:54:21,344 : INFO : <module> : Typing in an elemententer_to_city_XPATHEntered the Value as: Mumbai
2023-05-04 10:54:22,713 : INFO : <module> : Clicking on an elementselect_to_city_XPATH
2023-05-04 10:54:24,320 : INFO : <module> : Clicking on an elementselect_date_XPATH
2023-05-04 10:54:25,034 : INFO : <module> : Clicking on an elementsearch_button_XPATH
2023-05-04 10:54:27,023 : INFO : <module> : Clicking on an elementprimo_bus_XPATH
2023-05-04 10:54:49,788 : INFO : <module> : Getting text from an elementverify_text_XPATH
2023-05-04 10:55:02,715 : INFO : <module> : Clicking on an elementbuses_XPATH
2023-05-04 10:55:05,318 : INFO : <module> : Clicking on an elementclick_from_XPATH
2023-05-04 10:55:06,950 : INFO : <module> : Typing in an elemententer_from_city_XPATHEntered the Value as: Mumbai
2023-05-04 10:55:08,590 : INFO : <module> : Clicking on an elementselect_from_city_XPATH
2023-05-04 10:55:10,715 : INFO : <module> : Clicking on an elementdestination_XPATH
2023-05-04 10:55:12,010 : INFO : <module> : Typing in an elemententer_to_city_XPATHEntered the Value as: Ahemdabad
2023-05-04 10:55:13,106 : INFO : <module> : Clicking on an elementselect_to_city_XPATH
2023-05-04 10:55:14,977 : INFO : <module> : Clicking on an elementselect_date_XPATH
2023-05-04 10:55:15,782 : INFO : <module> : Clicking on an elementsearch_button_XPATH
2023-05-04 10:55:17,459 : INFO : <module> : Clicking on an elementprimo_bus_XPATH
2023-05-04 10:55:23,682 : INFO : <module> : Getting text from an elementverify_text_XPATH
2023-05-04 10:56:11,571 : INFO : <module> : Clicking on an elementbuses_XPATH
2023-05-04 10:56:14,234 : INFO : <module> : Clicking on an elementclick_from_XPATH
2023-05-04 10:56:15,985 : INFO : <module> : Typing in an elemententer_from_city_XPATHEntered the Value as: Pune
2023-05-04 10:56:17,390 : INFO : <module> : Clicking on an elementselect_from_city_XPATH
2023-05-04 10:56:19,281 : INFO : <module> : Clicking on an elementdestination_XPATH
2023-05-04 10:56:22,068 : INFO : <module> : Typing in an elemententer_to_city_XPATHEntered the Value as: Mumbai
2023-05-04 10:56:23,343 : INFO : <module> : Clicking on an elementselect_to_city_XPATH
2023-05-04 10:56:25,337 : INFO : <module> : Clicking on an elementselect_date_XPATH
2023-05-04 10:56:26,118 : INFO : <module> : Clicking on an elementsearch_button_XPATH
2023-05-04 10:56:28,120 : INFO : <module> : Clicking on an elementprimo_bus_XPATH
2023-05-04 10:56:52,292 : INFO : <module> : Getting text from an elementverify_text_XPATH
2023-05-04 10:57:06,018 : INFO : <module> : Clicking on an elementbuses_XPATH
2023-05-04 10:57:08,797 : INFO : <module> : Clicking on an elementclick_from_XPATH
2023-05-04 10:57:10,285 : INFO : <module> : Typing in an elemententer_from_city_XPATHEntered the Value as: Pune
2023-05-04 10:57:11,477 : INFO : <module> : Clicking on an elementselect_from_city_XPATH
2023-05-04 10:57:13,326 : INFO : <module> : Clicking on an elementdestination_XPATH
2023-05-04 10:57:15,724 : INFO : <module> : Typing in an elemententer_to_city_XPATHEntered the Value as: Mumbai
2023-05-04 10:57:17,309 : INFO : <module> : Clicking on an elementselect_to_city_XPATH
2023-05-04 10:57:19,365 : INFO : <module> : Clicking on an elementselect_date_XPATH
2023-05-04 10:57:20,055 : INFO : <module> : Clicking on an elementsearch_button_XPATH
2023-05-04 10:57:22,125 : INFO : <module> : Clicking on an elementprimo_bus_XPATH
2023-05-04 10:57:43,746 : INFO : <module> : Getting text from an elementverify_text_XPATH
2023-05-04 10:57:56,714 : INFO : <module> : Clicking on an elementbuses_XPATH
2023-05-04 10:57:59,572 : INFO : <module> : Clicking on an elementclick_from_XPATH
2023-05-04 10:58:03,431 : INFO : <module> : Typing in an elemententer_from_city_XPATHEntered the Value as: Pune
2023-05-04 10:58:04,888 : INFO : <module> : Clicking on an elementselect_from_city_XPATH
2023-05-04 10:58:32,231 : INFO : <module> : Clicking on an elementbuses_XPATH
2023-05-04 10:58:35,177 : INFO : <module> : Clicking on an elementclick_from_XPATH
2023-05-04 10:58:37,040 : INFO : <module> : Typing in an elemententer_from_city_XPATHEntered the Value as: Pune
2023-05-04 10:58:38,164 : INFO : <module> : Clicking on an elementselect_from_city_XPATH
2023-05-04 10:58:39,545 : INFO : <module> : Clicking on an elementdestination_XPATH
2023-05-04 10:58:41,587 : INFO : <module> : Typing in an elemententer_to_city_XPATHEntered the Value as: Mumbai
2023-05-04 10:58:43,189 : INFO : <module> : Clicking on an elementselect_to_city_XPATH
2023-05-04 10:58:44,596 : INFO : <module> : Clicking on an elementselect_date_XPATH
2023-05-04 10:58:45,333 : INFO : <module> : Clicking on an elementsearch_button_XPATH
2023-05-04 10:58:47,538 : INFO : <module> : Clicking on an elementprimo_bus_XPATH
2023-05-04 10:59:09,583 : INFO : <module> : Getting text from an elementverify_text_XPATH
2023-05-04 10:59:22,121 : INFO : <module> : Clicking on an elementbuses_XPATH
2023-05-04 10:59:24,535 : INFO : <module> : Clicking on an elementclick_from_XPATH
2023-05-04 10:59:26,635 : INFO : <module> : Typing in an elemententer_from_city_XPATHEntered the Value as: Mumbai
2023-05-04 10:59:27,962 : INFO : <module> : Clicking on an elementselect_from_city_XPATH
2023-05-04 10:59:29,519 : INFO : <module> : Clicking on an elementdestination_XPATH
2023-05-04 10:59:31,346 : INFO : <module> : Typing in an elemententer_to_city_XPATHEntered the Value as: Ahemdabad
2023-05-04 10:59:32,545 : INFO : <module> : Clicking on an elementselect_to_city_XPATH
2023-05-04 10:59:34,155 : INFO : <module> : Clicking on an elementselect_date_XPATH
2023-05-04 10:59:35,339 : INFO : <module> : Clicking on an elementsearch_button_XPATH
2023-05-04 10:59:37,193 : INFO : <module> : Clicking on an elementprimo_bus_XPATH
2023-05-04 10:59:43,314 : INFO : <module> : Getting text from an elementverify_text_XPATH
2023-05-04 11:10:29,475 : INFO : <module> : Clicking on an elementbuses_XPATH
2023-05-04 11:10:31,902 : INFO : <module> : Clicking on an elementclick_from_XPATH
2023-05-04 11:10:34,057 : INFO : <module> : Typing in an elemententer_from_city_XPATHEntered the Value as: Pune
2023-05-04 11:10:35,683 : INFO : <module> : Clicking on an elementselect_from_city_XPATH
2023-05-04 11:10:37,598 : INFO : <module> : Clicking on an elementdestination_XPATH
2023-05-04 11:10:38,886 : INFO : <module> : Typing in an elemententer_to_city_XPATHEntered the Value as: Mumbai
2023-05-04 11:10:40,312 : INFO : <module> : Clicking on an elementselect_to_city_XPATH
2023-05-04 11:10:42,137 : INFO : <module> : Clicking on an elementselect_date_XPATH
2023-05-04 11:10:43,072 : INFO : <module> : Clicking on an elementsearch_button_XPATH
2023-05-04 11:10:45,197 : INFO : <module> : Clicking on an elementprimo_bus_XPATH
2023-05-04 11:11:14,089 : INFO : <module> : Getting text from an elementverify_text_XPATH
2023-05-04 11:11:26,527 : INFO : <module> : Clicking on an elementbuses_XPATH
2023-05-04 11:11:29,309 : INFO : <module> : Clicking on an elementclick_from_XPATH
2023-05-04 11:11:31,358 : INFO : <module> : Typing in an elemententer_from_city_XPATHEntered the Value as: Mumbai
2023-05-04 11:11:33,307 : INFO : <module> : Clicking on an elementselect_from_city_XPATH
2023-05-04 11:11:35,319 : INFO : <module> : Clicking on an elementdestination_XPATH
2023-05-04 11:11:36,717 : INFO : <module> : Typing in an elemententer_to_city_XPATHEntered the Value as: Ahemdabad
2023-05-04 11:11:38,620 : INFO : <module> : Clicking on an elementselect_to_city_XPATH
2023-05-04 11:11:41,388 : INFO : <module> : Clicking on an elementselect_date_XPATH
2023-05-04 11:11:41,657 : INFO : <module> : Clicking on an elementsearch_button_XPATH
2023-05-04 11:11:43,560 : INFO : <module> : Clicking on an elementprimo_bus_XPATH
2023-05-04 11:11:49,715 : INFO : <module> : Getting text from an elementverify_text_XPATH
2023-05-04 13:06:05,303 : INFO : <module> : Clicking on an elementbuses_XPATH
2023-05-04 13:06:08,036 : INFO : <module> : Clicking on an elementclick_from_XPATH
2023-05-04 13:06:09,567 : INFO : <module> : Typing in an elemententer_from_city_XPATHEntered the Value as: Pune
2023-05-04 13:06:11,640 : INFO : <module> : Clicking on an elementselect_from_city_XPATH
2023-05-04 13:06:13,089 : INFO : <module> : Clicking on an elementdestination_XPATH
2023-05-04 13:06:14,402 : INFO : <module> : Typing in an elemententer_to_city_XPATHEntered the Value as: Mumbai
2023-05-04 13:06:15,854 : INFO : <module> : Clicking on an elementselect_to_city_XPATH
2023-05-04 13:06:17,355 : INFO : <module> : Clicking on an elementselect_date_XPATH
2023-05-04 13:06:18,071 : INFO : <module> : Clicking on an elementsearch_button_XPATH
2023-05-04 13:06:24,362 : INFO : <module> : Clicking on an elementprimo_bus_XPATH
2023-05-04 13:06:54,212 : INFO : <module> : Getting text from an elementverify_text_XPATH
2023-05-04 13:07:10,054 : INFO : <module> : Clicking on an elementbuses_XPATH
2023-05-04 13:07:12,643 : INFO : <module> : Clicking on an elementclick_from_XPATH
2023-05-04 13:07:14,215 : INFO : <module> : Typing in an elemententer_from_city_XPATHEntered the Value as: Mumbai
2023-05-04 13:07:16,485 : INFO : <module> : Clicking on an elementselect_from_city_XPATH
2023-05-04 13:07:18,415 : INFO : <module> : Clicking on an elementdestination_XPATH
2023-05-04 13:07:20,580 : INFO : <module> : Typing in an elemententer_to_city_XPATHEntered the Value as: Ahemdabad
2023-05-04 13:07:22,487 : INFO : <module> : Clicking on an elementselect_to_city_XPATH
2023-05-04 13:07:24,131 : INFO : <module> : Clicking on an elementselect_date_XPATH
2023-05-04 13:07:25,300 : INFO : <module> : Clicking on an elementsearch_button_XPATH
2023-05-04 13:07:28,502 : INFO : <module> : Clicking on an elementprimo_bus_XPATH
2023-05-04 13:07:36,227 : INFO : <module> : Getting text from an elementverify_text_XPATH
2023-05-04 13:07:49,889 : INFO : <module> : Clicking on an elementhotels_ID
2023-05-04 13:07:51,945 : INFO : <module> : Clicking on an elementsearch_box_ID
2023-05-04 13:07:53,412 : INFO : <module> : Typing in an elementsearch_text_IDEntered the Value as: ['Pune']
2023-05-04 13:07:56,475 : INFO : <module> : Clicking on an elementselect_destination_ID
2023-05-04 13:07:57,280 : INFO : <module> : Clicking on an elementhome_search_button_XPATH
2023-05-04 13:07:59,045 : INFO : <module> : Clicking on an elementpop_up_ID
2023-05-04 13:08:14,485 : INFO : <module> : Clicking on an elementhotels_ID
2023-05-04 13:08:16,414 : INFO : <module> : Clicking on an elementsearch_box_ID
2023-05-04 13:08:18,408 : INFO : <module> : Typing in an elementsearch_text_IDEntered the Value as: ['Delhi']
2023-05-04 13:08:21,497 : INFO : <module> : Clicking on an elementselect_destination_ID
2023-05-04 13:08:21,947 : INFO : <module> : Clicking on an elementhome_search_button_XPATH
2023-05-04 13:08:24,002 : INFO : <module> : Clicking on an elementpop_up_ID
2023-05-04 15:12:46,184 : INFO : <module> : Clicking on an elementbuses_XPATH
2023-05-04 15:12:49,811 : INFO : <module> : Clicking on an elementclick_from_XPATH
2023-05-04 15:12:51,249 : INFO : <module> : Typing in an elemententer_from_city_XPATHEntered the Value as: Pune
2023-05-04 15:12:53,139 : INFO : <module> : Clicking on an elementselect_from_city_XPATH
2023-05-04 15:12:54,568 : INFO : <module> : Clicking on an elementdestination_XPATH
2023-05-04 15:12:55,942 : INFO : <module> : Typing in an elemententer_to_city_XPATHEntered the Value as: Mumbai
2023-05-04 15:12:57,340 : INFO : <module> : Clicking on an elementselect_to_city_XPATH
2023-05-04 15:12:58,720 : INFO : <module> : Clicking on an elementselect_date_XPATH
2023-05-04 15:12:59,844 : INFO : <module> : Clicking on an elementsearch_button_XPATH
2023-05-04 15:13:06,876 : INFO : <module> : Clicking on an elementprimo_bus_XPATH
2023-05-04 15:13:33,306 : INFO : <module> : Getting text from an elementverify_text_XPATH
2023-05-04 15:13:50,433 : INFO : <module> : Clicking on an elementbuses_XPATH
2023-05-04 15:13:53,168 : INFO : <module> : Clicking on an elementclick_from_XPATH
2023-05-04 15:13:55,153 : INFO : <module> : Typing in an elemententer_from_city_XPATHEntered the Value as: Mumbai
2023-05-04 15:13:56,915 : INFO : <module> : Clicking on an elementselect_from_city_XPATH
2023-05-04 15:13:58,406 : INFO : <module> : Clicking on an elementdestination_XPATH
2023-05-04 15:14:00,917 : INFO : <module> : Typing in an elemententer_to_city_XPATHEntered the Value as: Ahemdabad
2023-05-04 15:14:02,209 : INFO : <module> : Clicking on an elementselect_to_city_XPATH
2023-05-04 15:14:03,602 : INFO : <module> : Clicking on an elementselect_date_XPATH
2023-05-04 15:14:07,219 : INFO : <module> : Clicking on an elementsearch_button_XPATH
2023-05-04 15:14:07,437 : INFO : <module> : Clicking on an elementprimo_bus_XPATH
2023-05-04 15:14:13,779 : INFO : <module> : Getting text from an elementverify_text_XPATH
2023-05-04 15:14:30,706 : INFO : <module> : Clicking on an elementhotels_ID
2023-05-04 15:14:33,633 : INFO : <module> : Clicking on an elementsearch_box_ID
2023-05-04 15:14:35,118 : INFO : <module> : Typing in an elementsearch_text_IDEntered the Value as: ['Pune']
2023-05-04 15:14:38,839 : INFO : <module> : Clicking on an elementselect_destination_ID
2023-05-04 15:14:39,527 : INFO : <module> : Clicking on an elementhome_search_button_XPATH
2023-05-04 15:14:41,205 : INFO : <module> : Clicking on an elementpop_up_ID
2023-05-04 15:14:55,239 : INFO : <module> : Clicking on an elementhotels_ID
2023-05-04 15:14:57,243 : INFO : <module> : Clicking on an elementsearch_box_ID
2023-05-04 15:14:59,318 : INFO : <module> : Typing in an elementsearch_text_IDEntered the Value as: ['Delhi']
2023-05-04 15:15:03,343 : INFO : <module> : Clicking on an elementselect_destination_ID
2023-05-04 15:15:03,993 : INFO : <module> : Clicking on an elementhome_search_button_XPATH
2023-05-04 15:15:06,042 : INFO : <module> : Clicking on an elementpop_up_ID
